2019-10-22 18:45:49,235 [main] [org.springframework.test.context.support.AbstractTestContextBootstrapper.buildDefaultMergedContextConfiguration(AbstractTestContextBootstrapper.java:308)] - [INFO] Neither @ContextConfiguration nor @ContextHierarchy found for test class [top.xiesen.verify.json.JsonSchemaTest], using SpringBootContextLoader
2019-10-22 18:45:49,251 [main] [org.springframework.test.context.support.AbstractContextLoader.generateDefaultLocations(AbstractContextLoader.java:264)] - [INFO] Could not detect default resource locations for test class [top.xiesen.verify.json.JsonSchemaTest]: no resource found for suffixes {-context.xml, Context.groovy}.
2019-10-22 18:45:49,253 [main] [org.springframework.test.context.support.AnnotationConfigContextLoaderUtils.detectDefaultConfigurationClasses(AnnotationConfigContextLoaderUtils.java:83)] - [INFO] Could not detect default configuration classes for test class [top.xiesen.verify.json.JsonSchemaTest]: JsonSchemaTest does not declare any static, non-private, non-final, nested classes annotated with @Configuration.
2019-10-22 18:45:49,764 [main] [org.springframework.boot.test.context.SpringBootTestContextBootstrapper.getOrFindConfigurationClasses(SpringBootTestContextBootstrapper.java:235)] - [INFO] Found @SpringBootConfiguration top.xiesen.verify.RockVerifyApplication for test class top.xiesen.verify.json.JsonSchemaTest
2019-10-22 18:45:50,107 [main] [org.springframework.test.context.support.AbstractTestContextBootstrapper.getDefaultTestExecutionListenerClassNames(AbstractTestContextBootstrapper.java:248)] - [INFO] Loaded default TestExecutionListener class names from location [META-INF/spring.factories]: [org.springframework.boot.test.mock.mockito.MockitoTestExecutionListener, org.springframework.boot.test.mock.mockito.ResetMocksTestExecutionListener, org.springframework.boot.test.autoconfigure.restdocs.RestDocsTestExecutionListener, org.springframework.boot.test.autoconfigure.web.client.MockRestServiceServerResetTestExecutionListener, org.springframework.boot.test.autoconfigure.web.servlet.MockMvcPrintOnlyOnFailureTestExecutionListener, org.springframework.boot.test.autoconfigure.web.servlet.WebDriverTestExecutionListener, org.springframework.test.context.web.ServletTestExecutionListener, org.springframework.test.context.support.DirtiesContextBeforeModesTestExecutionListener, org.springframework.test.context.support.DependencyInjectionTestExecutionListener, org.springframework.test.context.support.DirtiesContextTestExecutionListener, org.springframework.test.context.transaction.TransactionalTestExecutionListener, org.springframework.test.context.jdbc.SqlScriptsTestExecutionListener, org.springframework.test.context.event.EventPublishingTestExecutionListener]
2019-10-22 18:45:50,203 [main] [org.springframework.test.context.support.AbstractTestContextBootstrapper.getTestExecutionListeners(AbstractTestContextBootstrapper.java:177)] - [INFO] Using TestExecutionListeners: [org.springframework.test.context.web.ServletTestExecutionListener@68e5eea7, org.springframework.test.context.support.DirtiesContextBeforeModesTestExecutionListener@291b4bf5, org.springframework.boot.test.mock.mockito.MockitoTestExecutionListener@2d2ffcb7, org.springframework.boot.test.autoconfigure.SpringBootDependencyInjectionTestExecutionListener@762ef0ea, org.springframework.test.context.support.DirtiesContextTestExecutionListener@31f9b85e, org.springframework.test.context.transaction.TransactionalTestExecutionListener@424e1977, org.springframework.test.context.jdbc.SqlScriptsTestExecutionListener@10d68fcd, org.springframework.test.context.event.EventPublishingTestExecutionListener@117e949d, org.springframework.boot.test.mock.mockito.ResetMocksTestExecutionListener@6db9f5a4, org.springframework.boot.test.autoconfigure.restdocs.RestDocsTestExecutionListener@5f8edcc5, org.springframework.boot.test.autoconfigure.web.client.MockRestServiceServerResetTestExecutionListener@7b02881e, org.springframework.boot.test.autoconfigure.web.servlet.MockMvcPrintOnlyOnFailureTestExecutionListener@1ebd319f, org.springframework.boot.test.autoconfigure.web.servlet.WebDriverTestExecutionListener@3c0be339]
2019-10-22 18:45:50,643 [background-preinit] [org.hibernate.validator.internal.util.Version.<clinit>(Version.java:21)] - [INFO] HV000001: Hibernate Validator 6.0.17.Final
2019-10-22 18:45:51,234 [main] [org.springframework.boot.test.json.DuplicateJsonObjectContextCustomizerFactory$DuplicateJsonObjectContextCustomizer.logDuplicateJsonObjectsWarning(DuplicateJsonObjectContextCustomizerFactory.java:78)] - [WARN] 

Found multiple occurrences of org.json.JSONObject on the class path:

	jar:file:/C:/Users/lenovo/.m2/repository/com/vaadin/external/google/android-json/0.0.20131108.vaadin1/android-json-0.0.20131108.vaadin1.jar!/org/json/JSONObject.class
	jar:file:/C:/Users/lenovo/.m2/repository/org/json/json/20180813/json-20180813.jar!/org/json/JSONObject.class

You may wish to exclude one of them to ensure predictable runtime behavior

2019-10-22 18:45:51,266 [main] [org.springframework.boot.StartupInfoLogger.logStarting(StartupInfoLogger.java:55)] - [INFO] Starting JsonSchemaTest on xiesen with PID 12656 (started by lenovo in D:\develop\workspace\code-repo\rock-verify)
2019-10-22 18:45:51,277 [main] [org.springframework.boot.SpringApplication.logStartupProfileInfo(SpringApplication.java:651)] - [INFO] No active profile set, falling back to default profiles: default
2019-10-22 18:45:55,349 [main] [com.alibaba.druid.spring.boot.autoconfigure.DruidDataSourceAutoConfigure.dataSource(DruidDataSourceAutoConfigure.java:56)] - [INFO] Init DruidDataSource
2019-10-22 18:45:58,933 [main] [com.alibaba.druid.pool.DruidDataSource.init(DruidDataSource.java:847)] - [INFO] {dataSource-1} inited
2019-10-22 18:46:01,300 [main] [org.springframework.scheduling.concurrent.ExecutorConfigurationSupport.initialize(ExecutorConfigurationSupport.java:171)] - [INFO] Initializing ExecutorService 'applicationTaskExecutor'
2019-10-22 18:46:01,826 [main] [org.thymeleaf.templatemode.TemplateMode.parse(TemplateMode.java:150)] - [WARN] [THYMELEAF][main] Template Mode 'HTML5' is deprecated. Using Template Mode 'HTML' instead.
2019-10-22 18:46:02,359 [main] [org.springframework.boot.StartupInfoLogger.logStarted(StartupInfoLogger.java:61)] - [INFO] Started JsonSchemaTest in 11.971 seconds (JVM running for 15.017)
2019-10-22 18:46:02,971 [main] [top.xiesen.verify.json.JsonSchema.check(JsonSchema.java:30)] - [ERROR] [#/foo: expected type: String, found: Integer]
2019-10-22 18:46:02,991 [SpringContextShutdownHook] [org.springframework.scheduling.concurrent.ExecutorConfigurationSupport.shutdown(ExecutorConfigurationSupport.java:208)] - [INFO] Shutting down ExecutorService 'applicationTaskExecutor'
2019-10-22 18:46:03,001 [SpringContextShutdownHook] [com.alibaba.druid.pool.DruidDataSource.close(DruidDataSource.java:1608)] - [INFO] {dataSource-1} closed
2019-10-22 18:46:18,194 [background-preinit] [org.hibernate.validator.internal.util.Version.<clinit>(Version.java:21)] - [INFO] HV000001: Hibernate Validator 6.0.17.Final
2019-10-22 18:46:18,611 [main] [org.springframework.boot.StartupInfoLogger.logStarting(StartupInfoLogger.java:55)] - [INFO] Starting RockVerifyApplication on xiesen with PID 5900 (D:\develop\workspace\code-repo\rock-verify\target\classes started by lenovo in D:\develop\workspace\code-repo\rock-verify)
2019-10-22 18:46:18,613 [main] [org.springframework.boot.SpringApplication.logStartupProfileInfo(SpringApplication.java:651)] - [INFO] No active profile set, falling back to default profiles: default
2019-10-22 18:46:20,726 [main] [org.springframework.boot.web.embedded.tomcat.TomcatWebServer.initialize(TomcatWebServer.java:92)] - [INFO] Tomcat initialized with port(s): 8080 (http)
2019-10-22 18:46:20,904 [main] [org.springframework.boot.web.servlet.context.ServletWebServerApplicationContext.prepareWebApplicationContext(ServletWebServerApplicationContext.java:284)] - [INFO] Root WebApplicationContext: initialization completed in 2154 ms
2019-10-22 18:46:21,063 [main] [com.alibaba.druid.spring.boot.autoconfigure.DruidDataSourceAutoConfigure.dataSource(DruidDataSourceAutoConfigure.java:56)] - [INFO] Init DruidDataSource
2019-10-22 18:46:22,407 [main] [com.alibaba.druid.pool.DruidDataSource.init(DruidDataSource.java:847)] - [INFO] {dataSource-1} inited
2019-10-22 18:46:23,576 [main] [org.springframework.scheduling.concurrent.ExecutorConfigurationSupport.initialize(ExecutorConfigurationSupport.java:171)] - [INFO] Initializing ExecutorService 'applicationTaskExecutor'
2019-10-22 18:46:23,718 [main] [org.thymeleaf.templatemode.TemplateMode.parse(TemplateMode.java:150)] - [WARN] [THYMELEAF][main] Template Mode 'HTML5' is deprecated. Using Template Mode 'HTML' instead.
2019-10-22 18:46:23,906 [main] [org.springframework.boot.web.embedded.tomcat.TomcatWebServer.start(TomcatWebServer.java:204)] - [INFO] Tomcat started on port(s): 8080 (http) with context path ''
2019-10-22 18:46:23,909 [main] [org.springframework.boot.StartupInfoLogger.logStarted(StartupInfoLogger.java:61)] - [INFO] Started RockVerifyApplication in 6.061 seconds (JVM running for 8.774)
